<?xml version="1.0" encoding="UTF-8"?>
<!-- Generated by org.testng.reporters.JUnitReportReporter -->
<testsuite hostname="DESKTOP-N2PLT4O" failures="0" tests="4" name="databaseTesting.databaseTesting.AppTest" time="0.358" errors="0" timestamp="2025-05-08T15:10:24 EET" skipped="0">
  <testcase classname="databaseTesting.databaseTesting.AppTest" name="AddNewCustomer" time="0.020"/>
  <testcase classname="databaseTesting.databaseTesting.AppTest" name="UpdateCustomerInfo" time="0.008"/>
  <testcase classname="databaseTesting.databaseTesting.AppTest" name="ReadTheUpdatedData" time="0.319"/>
  <testcase classname="databaseTesting.databaseTesting.AppTest" name="DeleteCustomer" time="0.011"/>
</testsuite> <!-- databaseTesting.databaseTesting.AppTest -->
